<?xml version="1.0" encoding="UTF-8"?>
<testsuite name="uk.gov.iebr.drools.rule.template.RemovabilityRuleTemplatesTest" time="0.216" tests="1" errors="1" skipped="0" failures="0">
  <properties>
    <property name="java.runtime.name" value="Java(TM) SE Runtime Environment"/>
    <property name="sun.boot.library.path" value="/Library/Java/JavaVirtualMachines/jdk1.8.0_121.jdk/Contents/Home/jre/lib"/>
    <property name="java.vm.version" value="25.121-b13"/>
    <property name="gopherProxySet" value="false"/>
    <property name="java.vm.vendor" value="Oracle Corporation"/>
    <property name="maven.multiModuleProjectDirectory" value="/Users/sathishkumarnatarajan/Projects/IEBR/iebr-file-processor/Function/services"/>
    <property name="java.vendor.url" value="http://java.oracle.com/"/>
    <property name="path.separator" value=":"/>
    <property name="guice.disable.misplaced.annotation.check" value="true"/>
    <property name="java.vm.name" value="Java HotSpot(TM) 64-Bit Server VM"/>
    <property name="file.encoding.pkg" value="sun.io"/>
    <property name="user.country" value="GB"/>
    <property name="sun.java.launcher" value="SUN_STANDARD"/>
    <property name="sun.os.patch.level" value="unknown"/>
    <property name="java.vm.specification.name" value="Java Virtual Machine Specification"/>
    <property name="user.dir" value="/Users/sathishkumarnatarajan/Projects/IEBR/iebr-file-processor/Function/services"/>
    <property name="java.runtime.version" value="1.8.0_121-b13"/>
    <property name="java.awt.graphicsenv" value="sun.awt.CGraphicsEnvironment"/>
    <property name="java.endorsed.dirs" value="/Library/Java/JavaVirtualMachines/jdk1.8.0_121.jdk/Contents/Home/jre/lib/endorsed"/>
    <property name="os.arch" value="x86_64"/>
    <property name="java.io.tmpdir" value="/var/folders/yr/9zk03nt54d1gvgyq4g9q_k180000gn/T/"/>
    <property name="line.separator" value="&#10;"/>
    <property name="java.vm.specification.vendor" value="Oracle Corporation"/>
    <property name="os.name" value="Mac OS X"/>
    <property name="classworlds.conf" value="/Users/sathishkumarnatarajan/Workspace/iebr-live/.metadata/.plugins/org.eclipse.m2e.launching/launches/m2conf3870720618565411163.tmp"/>
    <property name="sun.jnu.encoding" value="UTF-8"/>
    <property name="java.library.path" value="/Users/sathishkumarnatarajan/Library/Java/Extensions:/Library/Java/Extensions:/Network/Library/Java/Extensions:/System/Library/Java/Extensions:/usr/lib/java:."/>
    <property name="java.specification.name" value="Java Platform API Specification"/>
    <property name="java.class.version" value="52.0"/>
    <property name="sun.management.compiler" value="HotSpot 64-Bit Tiered Compilers"/>
    <property name="os.version" value="10.12.5"/>
    <property name="library.jansi.path" value="/Users/sathishkumarnatarajan/apache-maven-3.5.0/lib/jansi-native/osx64"/>
    <property name="http.nonProxyHosts" value="local|*.local|169.254/16|*.169.254/16"/>
    <property name="user.home" value="/Users/sathishkumarnatarajan"/>
    <property name="user.timezone" value="Europe/London"/>
    <property name="java.awt.printerjob" value="sun.lwawt.macosx.CPrinterJob"/>
    <property name="java.specification.version" value="1.8"/>
    <property name="file.encoding" value="UTF-8"/>
    <property name="user.name" value="sathishkumarnatarajan"/>
    <property name="java.class.path" value="/Users/sathishkumarnatarajan/apache-maven-3.5.0/boot/plexus-classworlds-2.5.2.jar"/>
    <property name="java.vm.specification.version" value="1.8"/>
    <property name="sun.arch.data.model" value="64"/>
    <property name="java.home" value="/Library/Java/JavaVirtualMachines/jdk1.8.0_121.jdk/Contents/Home/jre"/>
    <property name="sun.java.command" value="org.codehaus.plexus.classworlds.launcher.Launcher -B install"/>
    <property name="java.specification.vendor" value="Oracle Corporation"/>
    <property name="user.language" value="en"/>
    <property name="awt.toolkit" value="sun.lwawt.macosx.LWCToolkit"/>
    <property name="java.vm.info" value="mixed mode"/>
    <property name="java.version" value="1.8.0_121"/>
    <property name="java.ext.dirs" value="/Users/sathishkumarnatarajan/Library/Java/Extensions:/Library/Java/JavaVirtualMachines/jdk1.8.0_121.jdk/Contents/Home/jre/lib/ext:/Library/Java/Extensions:/Network/Library/Java/Extensions:/System/Library/Java/Extensions:/usr/lib/java"/>
    <property name="sun.boot.class.path" value="/Library/Java/JavaVirtualMachines/jdk1.8.0_121.jdk/Contents/Home/jre/lib/resources.jar:/Library/Java/JavaVirtualMachines/jdk1.8.0_121.jdk/Contents/Home/jre/lib/rt.jar:/Library/Java/JavaVirtualMachines/jdk1.8.0_121.jdk/Contents/Home/jre/lib/sunrsasign.jar:/Library/Java/JavaVirtualMachines/jdk1.8.0_121.jdk/Contents/Home/jre/lib/jsse.jar:/Library/Java/JavaVirtualMachines/jdk1.8.0_121.jdk/Contents/Home/jre/lib/jce.jar:/Library/Java/JavaVirtualMachines/jdk1.8.0_121.jdk/Contents/Home/jre/lib/charsets.jar:/Library/Java/JavaVirtualMachines/jdk1.8.0_121.jdk/Contents/Home/jre/lib/jfr.jar:/Library/Java/JavaVirtualMachines/jdk1.8.0_121.jdk/Contents/Home/jre/classes"/>
    <property name="java.vendor" value="Oracle Corporation"/>
    <property name="maven.home" value="/Users/sathishkumarnatarajan/apache-maven-3.5.0"/>
    <property name="file.separator" value="/"/>
    <property name="java.vendor.url.bug" value="http://bugreport.sun.com/bugreport/"/>
    <property name="sun.cpu.endian" value="little"/>
    <property name="sun.io.unicode.encoding" value="UnicodeBig"/>
    <property name="socksNonProxyHosts" value="local|*.local|169.254/16|*.169.254/16"/>
    <property name="ftp.nonProxyHosts" value="local|*.local|169.254/16|*.169.254/16"/>
    <property name="sun.cpu.isalist" value=""/>
  </properties>
  <testcase name="testSimpleTemplateWithDatabase" classname="uk.gov.iebr.drools.rule.template.RemovabilityRuleTemplatesTest" time="0.216">
    <error message="Compilation errors were found. Check the logs." type="java.lang.IllegalStateException">java.lang.IllegalStateException: Compilation errors were found. Check the logs.
	at uk.gov.iebr.drools.rule.template.RemovabilityRuleTemplatesTest.createKieSessionFromDRL(RemovabilityRuleTemplatesTest.java:152)
	at uk.gov.iebr.drools.rule.template.RemovabilityRuleTemplatesTest.testSimpleTemplateWithDatabase(RemovabilityRuleTemplatesTest.java:81)
</error>
    <system-out><![CDATA[package ruletemplate.simple;
import uk.gov.iebr.batch.model.input.Person	;

rule "Categorize Persons_2"
no-loop true
when
    $c: Person(removabilityScore >= 7, removabilityScore <= 100, removabilityCategory == Person.RemovabilityCategory.NA)
then
    modify ($c){ setRemovabilityCategory(Person.RemovabilityCategory.GREEN)};
end

rule "Categorize Persons_1"
no-loop true
when
    $c: Person(removabilityScore >= 5, removabilityScore <= 6, removabilityCategory == Person.RemovabilityCategory.NA)
then
    modify ($c){ setRemovabilityCategory(Person.RemovabilityCategory.AMBER)};
end

rule "Categorize Persons_0"
no-loop true
when
    $c: Person(removabilityScore >= 0, removabilityScore <= 4, removabilityCategory == Person.RemovabilityCategory.NA)
then
    modify ($c){ setRemovabilityCategory(Person.RemovabilityCategory.RED)};
end



22:55:58.769 [main] ERROR o.d.c.k.b.impl.AbstractKieModule - Unable to build KieBaseModel:defaultKieBase
Unable to resolve ObjectType 'Person' : [Rule name='Categorize Persons_2']

Unable to resolve ObjectType 'Person' : [Rule name='Categorize Persons_1']

Unable to resolve ObjectType 'Person' : [Rule name='Categorize Persons_0']

Rule Compilation error : [Rule name='Categorize Persons_0']
	ruletemplate/simple/Rule_Categorize_Persons_0403480614.java (2:36) : Only a type can be imported. uk.gov.iebr.batch.model.input.Person resolves to a package
	ruletemplate/simple/Rule_Categorize_Persons_0403480614.java (7:436) : $c cannot be resolved to a variable
	ruletemplate/simple/Rule_Categorize_Persons_0403480614.java (7:560) : Person.RemovabilityCategory.RED cannot be resolved to a type

Rule Compilation error : [Rule name='Categorize Persons_1']
	ruletemplate/simple/Rule_Categorize_Persons_1491804244.java (2:36) : Only a type can be imported. uk.gov.iebr.batch.model.input.Person resolves to a package
	ruletemplate/simple/Rule_Categorize_Persons_1491804244.java (7:436) : $c cannot be resolved to a variable
	ruletemplate/simple/Rule_Categorize_Persons_1491804244.java (7:560) : Person.RemovabilityCategory.AMBER cannot be resolved to a type

Rule Compilation error : [Rule name='Categorize Persons_2']
	ruletemplate/simple/Rule_Categorize_Persons_236337612.java (2:36) : Only a type can be imported. uk.gov.iebr.batch.model.input.Person resolves to a package
	ruletemplate/simple/Rule_Categorize_Persons_236337612.java (7:435) : $c cannot be resolved to a variable
	ruletemplate/simple/Rule_Categorize_Persons_236337612.java (7:559) : Person.RemovabilityCategory.GREEN cannot be resolved to a type

Error importing : 'uk.gov.iebr.batch.model.input.Person'

Error: Unable to resolve ObjectType 'Person'
Error: Unable to resolve ObjectType 'Person'
Error: Unable to resolve ObjectType 'Person'
Error: Rule Compilation error Only a type can be imported. uk.gov.iebr.batch.model.input.Person resolves to a package
$c cannot be resolved to a variable
Person.RemovabilityCategory.RED cannot be resolved to a type
Error: Rule Compilation error Only a type can be imported. uk.gov.iebr.batch.model.input.Person resolves to a package
$c cannot be resolved to a variable
Person.RemovabilityCategory.AMBER cannot be resolved to a type
Error: Rule Compilation error Only a type can be imported. uk.gov.iebr.batch.model.input.Person resolves to a package
$c cannot be resolved to a variable
Person.RemovabilityCategory.GREEN cannot be resolved to a type
Error: Error importing : 'uk.gov.iebr.batch.model.input.Person'
]]></system-out>
  </testcase>
</testsuite>